<?xml version="1.0" encoding="UTF-8"?>
<testsuite name="plc.homework.RegexTests" tests="11" skipped="0" failures="0" errors="0" timestamp="2021-05-22T02:20:46" hostname="DESKTOP-L7FNPU7" time="0.08">
  <properties/>
  <testcase name="[1] Empty quotes, &quot;&quot;, true" classname="plc.homework.RegexTests" time="0.051"/>
  <testcase name="[2] Quoted String, &quot;Hello,World!&quot;, true" classname="plc.homework.RegexTests" time="0.001"/>
  <testcase name="[3] Proper spacing, &quot;1\t2&quot;, true" classname="plc.homework.RegexTests" time="0.001"/>
  <testcase name="[4] Symbols, &quot;@#$%^&amp;*()!{}&quot;, true" classname="plc.homework.RegexTests" time="0.001"/>
  <testcase name="[5] Numbers, &quot;1234567890&quot;, true" classname="plc.homework.RegexTests" time="0.001"/>
  <testcase name="[6] Missing both quotes, hola, false" classname="plc.homework.RegexTests" time="0.001"/>
  <testcase name="[7] Missing left quote, hello&quot;, false" classname="plc.homework.RegexTests" time="0.001"/>
  <testcase name="[8] Missing right quote, &quot;hello, false" classname="plc.homework.RegexTests" time="0.0"/>
  <testcase name="[9] Invalid scape, &quot;invalid\scape&quot;, false" classname="plc.homework.RegexTests" time="0.001"/>
  <testcase name="[10] Empty String, , false" classname="plc.homework.RegexTests" time="0.0"/>
  <testcase name="[11] Double double quoted, &quot;&quot;hello&quot;&quot;, true" classname="plc.homework.RegexTests" time="0.001"/>
  <system-out><![CDATA[]]></system-out>
  <system-err><![CDATA[]]></system-err>
</testsuite>
